1648822901111	geckodriver	INFO	Listening on 127.0.0.1:50401
1648822904557	mozrunner::runner	INFO	Running command: "C:\\Program Files\\Mozilla Firefox\\firefox.exe" "--marionette" "--remote-debugging-port" "50402" "-no-remote" "-profile" "C:\\Users\\Alumno\\AppData\\Local\\Temp\\rust_mozprofileoA0Abw"
1648822907262	Marionette	INFO	Marionette enabled
console.warn: SearchSettings: "get: No settings file exists, new profile?" (new NotFoundError("Could not open the file at C:\\Users\\Alumno\\AppData\\Local\\Temp\\rust_mozprofileoA0Abw\\search.json.mozlz4", (void 0)))
DevTools listening on ws://localhost:50402/devtools/browser/94782dac-b8b5-49dc-b1d0-909a8d281cc3
1648822929156	Marionette	INFO	Listening on port 50407
1648822930020	RemoteAgent	WARN	TLS certificate errors will be ignored for this session
1648822936464	Marionette	INFO	Stopped listening on port 50407
console.error: PushServiceWebSocket: 
  _beginWSSetup: Not in shutdown state! Current state
  2
JavaScript error: resource://gre/modules/UrlClassifierListManager.jsm, line 691: TypeError: this.tablesData[table] is undefined

###!!! [Child][RunMessage] Error: Channel closing: too late to send/recv, messages will be lost


###!!! [Child][RunMessage] Error: Channel closing: too late to send/recv, messages will be lost


###!!! [Child][RunMessage] Error: Channel closing: too late to send/recv, messages will be lost


###!!! [Child][RunMessage] Error: Channel closing: too late to send/recv, messages will be lost


###!!! [Child][RunMessage] Error: Channel closing: too late to send/recv, messages will be lost


###!!! [Child][RunMessage] Error: Channel closing: too late to send/recv, messages will be lost


###!!! [Child][RunMessage] Error: Channel closing: too late to send/recv, messages will be lost


###!!! [Child][RunMessage] Error: Channel closing: too late to send/recv, messages will be lost

1648822963274	geckodriver	INFO	Listening on 127.0.0.1:50467
1648822966321	mozrunner::runner	INFO	Running command: "C:\\Program Files\\Mozilla Firefox\\firefox.exe" "--marionette" "--remote-debugging-port" "50468" "-no-remote" "-profile" "C:\\Users\\Alumno\\AppData\\Local\\Temp\\rust_mozprofileSCpEMj"
1648822968529	Marionette	INFO	Marionette enabled
console.warn: SearchSettings: "get: No settings file exists, new profile?" (new NotFoundError("Could not open the file at C:\\Users\\Alumno\\AppData\\Local\\Temp\\rust_mozprofileSCpEMj\\search.json.mozlz4", (void 0)))
DevTools listening on ws://localhost:50468/devtools/browser/f38d98e6-e8aa-429a-ab29-17f32859cf6d
1648822983307	Marionette	INFO	Listening on port 50473
1648822983539	RemoteAgent	WARN	TLS certificate errors will be ignored for this session
JavaScript warning: resource://gre/modules/Troubleshoot.jsm, line 690: WebGL context was lost.
JavaScript warning: resource://gre/modules/Troubleshoot.jsm, line 690: WebGL context was lost.
JavaScript warning: https://pagead2.googlesyndication.com/bg/gjBotrajnK0yz4ntvsDRFlMTAuB3twHveDeuldaHPWQ.js line 1 > eval line 441 > eval line 1 > eval line 1 > eval, line 1: WEBGL_debug_renderer_info is deprecated in Firefox and will be removed. Please use RENDERER.
1648823209321	Marionette	INFO	Stopped listening on port 50473
